<?xml version="1.0" encoding="UTF-8"?>
<!-- Generated by org.testng.reporters.JUnitXMLReporter -->
<testsuite ignored="0" hostname="DESKTOP-I03TGG4" failures="1" tests="6" name="ChromeTest" time="8.58" errors="0" timestamp="2022-05-12T15:23:22 IST">
  <testcase classname="ParameterizationPracises.CrossBrowserTesting" name="verifycurrentUrl" time="0.013">
    <failure type="java.lang.NullPointerException" message="Cannot invoke &amp;quot;org.openqa.selenium.WebDriver.getCurrentUrl()&amp;quot; because &amp;quot;this.driver&amp;quot; is null">
      <![CDATA[java.lang.NullPointerException: Cannot invoke "org.openqa.selenium.WebDriver.getCurrentUrl()" because "this.driver" is null
at ParameterizationPracises.CrossBrowserTesting.verifycurrentUrl(CrossBrowserTesting.java:43)
at java.base/java.util.ArrayList.forEach(ArrayList.java:1511)
at java.base/java.util.concurrent.FutureTask.run(FutureTask.java:264)
at java.base/java.util.concurrent.ThreadPoolExecutor.runWorker(ThreadPoolExecutor.java:1130)
at java.base/java.util.concurrent.ThreadPoolExecutor$Worker.run(ThreadPoolExecutor.java:630)
at java.base/java.lang.Thread.run(Thread.java:832)
... Removed 18 stack frames]]>
    </failure>
  </testcase> <!-- verifycurrentUrl -->
  <testcase classname="ParameterizationPracises.CrossBrowserTesting" name="CrossBrowserTesting" time="7.67"/>
  <testcase classname="ParameterizationPracises.CrossBrowserTesting" name="VerifyPageTitle" time="0.071"/>
  <testcase classname="ParameterizationPracises.CrossBrowserTesting" name="VerifyUsernameField" time="0.428"/>
  <testcase classname="ParameterizationPracises.CrossBrowserTesting" name="VerifyPasswordField" time="0.196"/>
  <testcase classname="ParameterizationPracises.CrossBrowserTesting" name="ClickLoginButton" time="0.126"/>
</testsuite> <!-- ChromeTest -->
